Der Buildvorgang wurde am 09.09.2011 08:31:17 gestartet.
     1>Projekt "D:\Projects\VisualStudio\ModernesC++Design\ctorImprovements\ctorImprovements.vcxproj" auf Knoten "2", build Ziel(e).
     1>InitializeBuildStatus:
         Aktualisieren des Timestamps von "Debug\ctorImprovements.unsuccessfulbuild".
       ClCompile:
         Alle Ausgaben sind aktuell.
         C:\Program Files\Microsoft Visual Studio 10.0\VC\bin\CL.exe /c /ZI /nologo /W3 /WX- /Od /Oy- /D WIN32 /D _DEBUG /D _CONSOLE /D _UNICODE /D UNICODE /Gm /EHsc /RTC1 /MDd /GS /fp:precise /Zc:wchar_t /Zc:forScope /Yu"StdAfx.h" /Fp"Debug\ctorImprovements.pch" /Fo"Debug\\" /Fd"Debug\vc100.pdb" /Gd /TP /analyze- /errorReport:prompt ctorImprovements.cpp
         ctorImprovements.cpp
     1>d:\projects\visualstudio\modernesc++design\ctorimprovements\ctorimprovements.cpp(12): error C2059: Syntaxfehler: ','
     1>d:\projects\visualstudio\modernesc++design\ctorimprovements\ctorimprovements.cpp(12): error C2334: Unerwartete(s) Token vor '{'; sichtbarer Funktionstext wird übersprungen
     1>d:\projects\visualstudio\modernesc++design\ctorimprovements\ctorimprovements.cpp(13): error C2059: Syntaxfehler: '{'
     1>d:\projects\visualstudio\modernesc++design\ctorimprovements\ctorimprovements.cpp(13): error C2334: Unerwartete(s) Token vor '{'; sichtbarer Funktionstext wird übersprungen
     1>d:\projects\visualstudio\modernesc++design\ctorimprovements\ctorimprovements.cpp(16): error C2473: "m_i": Sieht wie eine Funktionsdefinition aus, weist jedoch keine Parameterliste auf.
     1>d:\projects\visualstudio\modernesc++design\ctorimprovements\ctorimprovements.cpp(16): error C2059: Syntaxfehler: 'Konstante'
     1>d:\projects\visualstudio\modernesc++design\ctorimprovements\ctorimprovements.cpp(16): error C2143: Syntaxfehler: Es fehlt ';' vor '}'
     1>d:\projects\visualstudio\modernesc++design\ctorimprovements\ctorimprovements.cpp(16): error C2238: Unerwartete(s) Token vor ';'
     1>d:\projects\visualstudio\modernesc++design\ctorimprovements\ctorimprovements.cpp(12): error C2059: Syntaxfehler: '{'
     1>d:\projects\visualstudio\modernesc++design\ctorimprovements\ctorimprovements.cpp(12): error C2143: Syntaxfehler: Es fehlt ';' vor '}'
     1>d:\projects\visualstudio\modernesc++design\ctorimprovements\ctorimprovements.cpp(17): error C2470: "m_j": Sieht wie eine Funktionsdefinition aus, es ist aber keine Parameterliste vorhanden; sichtbarer Funktionstext wird übersprungen.
     1>d:\projects\visualstudio\modernesc++design\ctorimprovements\ctorimprovements.cpp(18): error C2059: Syntaxfehler: '}'
     1>d:\projects\visualstudio\modernesc++design\ctorimprovements\ctorimprovements.cpp(18): error C2143: Syntaxfehler: Es fehlt ';' vor '}'
     1>d:\projects\visualstudio\modernesc++design\ctorimprovements\ctorimprovements.cpp(18): error C2059: Syntaxfehler: '}'
     1>d:\projects\visualstudio\modernesc++design\ctorimprovements\ctorimprovements.cpp(21): error C2011: 'SomeType': 'class' Typneudefinition
                 d:\projects\visualstudio\modernesc++design\ctorimprovements\ctorimprovements.cpp(7): Siehe Deklaration von 'SomeType'
     1>Die Erstellung des Projekts "D:\Projects\VisualStudio\ModernesC++Design\ctorImprovements\ctorImprovements.vcxproj" ist abgeschlossen, build Ziel(e) -- FEHLER.

Fehler beim Erstellen

Verstrichene Zeit 00:00:01.84
